<?xml version="1.0" encoding="UTF-8"?>
<!-- Generated by org.testng.reporters.JUnitReportReporter -->
<testsuite hostname="DESKTOP-6LID9I8" failures="0" tests="1" name="test.TestNG_Demo" time="3.314" errors="0" timestamp="19 Oct 2020 01:29:49 GMT" skipped="0">
  <testcase classname="test.TestNG_Demo" name="googleSearch" time="3.314"/>
</testsuite> <!-- test.TestNG_Demo -->
