<?xml version="1.0" encoding="UTF-8"?>
<!-- Generated by org.testng.reporters.JUnitReportReporter -->
<testsuite hostname="DESKTOP-6LID9I8" failures="0" tests="2" name="demo.TestNGDependencyDemo" time="0.015" errors="0" timestamp="27 Oct 2020 01:13:03 GMT" skipped="0">
  <testcase classname="demo.TestNGDependencyDemo" name="test1" time="0.002"/>
  <testcase classname="demo.TestNGDependencyDemo" name="test2" time="0.013"/>
</testsuite> <!-- demo.TestNGDependencyDemo -->
