<?xml version="1.0" encoding="UTF-8"?>
<!-- Generated by org.testng.reporters.JUnitReportReporter -->
<testsuite hostname="DESKTOP-6LID9I8" failures="0" tests="2" name="demo.TestNGMultiBrowserDemo" time="13.081" errors="0" timestamp="27 Oct 2020 00:32:04 GMT" skipped="0">
  <testcase classname="demo.TestNGMultiBrowserDemo" name="test1" time="6.318"/>
  <testcase classname="demo.TestNGMultiBrowserDemo" name="test1" time="6.763"/>
</testsuite> <!-- demo.TestNGMultiBrowserDemo -->
