<?xml version="1.0" encoding="UTF-8"?>
<!-- Generated by org.testng.reporters.JUnitReportReporter -->
<testsuite hostname="DESKTOP-6LID9I8" failures="0" tests="3" name="listeners.TestNGListenerDemo" time="0.017" errors="0" timestamp="21 Oct 2020 06:36:11 GMT" skipped="0">
  <testcase classname="listeners.TestNGListenerDemo" name="test2" time="0.003"/>
  <testcase classname="listeners.TestNGListenerDemo" name="test3" time="0.001"/>
  <testcase classname="listeners.TestNGListenerDemo" name="test1" time="0.013"/>
</testsuite> <!-- listeners.TestNGListenerDemo -->
