<?xml version="1.0" encoding="UTF-8"?>
<!-- Generated by org.testng.reporters.JUnitReportReporter -->
<testsuite hostname="DESKTOP-6LID9I8" failures="0" tests="2" name="demo.TestNGIgnoreDemo" time="0.013" errors="0" timestamp="27 Oct 2020 01:22:11 GMT" skipped="1">
  <testcase classname="demo.TestNGIgnoreDemo" name="test1" time="0.013"/>
  <testcase classname="demo.TestNGIgnoreDemo" name="test2">
    <skipped/>
  </testcase> <!-- test2 -->
</testsuite> <!-- demo.TestNGIgnoreDemo -->
