<?xml version="1.0" encoding="UTF-8"?>
<!-- Generated by org.testng.reporters.JUnitReportReporter -->
<testsuite hostname="DESKTOP-6LID9I8" failures="0" tests="3" name="listeners.TestNGListenerDemo2" time="0.019" errors="0" timestamp="21 Oct 2020 06:36:22 GMT" skipped="0">
  <testcase classname="listeners.TestNGListenerDemo2" name="test5" time="0.001"/>
  <testcase classname="listeners.TestNGListenerDemo2" name="test6" time="0.001"/>
  <testcase classname="listeners.TestNGListenerDemo2" name="test4" time="0.017"/>
</testsuite> <!-- listeners.TestNGListenerDemo2 -->
