<?xml version="1.0" encoding="UTF-8"?>
<!-- Generated by org.testng.reporters.JUnitReportReporter -->
<testsuite hostname="DESKTOP-6LID9I8" failures="0" tests="2" name="demo.TestNGGroupsDemo" time="0.019" errors="0" timestamp="27 Oct 2020 00:51:55 GMT" skipped="0">
  <testcase classname="demo.TestNGGroupsDemo" name="test1" time="0.018"/>
  <testcase classname="demo.TestNGGroupsDemo" name="test2" time="0.001"/>
</testsuite> <!-- demo.TestNGGroupsDemo -->
