<?xml version="1.0" encoding="UTF-8"?>
<!-- Generated by org.testng.reporters.JUnitReportReporter -->
<testsuite hostname="DESKTOP-6LID9I8" failures="0" tests="1" name="test.ExtentReportsTestNGDemo" time="4.657" errors="0" timestamp="16 Oct 2020 04:37:11 GMT" skipped="0">
  <testcase classname="test.ExtentReportsTestNGDemo" name="test1" time="4.657"/>
</testsuite> <!-- test.ExtentReportsTestNGDemo -->
