<?xml version="1.0" encoding="UTF-8"?>
<!-- Generated by org.testng.reporters.JUnitReportReporter -->
<testsuite hostname="DESKTOP-6LID9I8" failures="0" tests="3" name="demo.TestNGPriorityDemo" time="0.018" errors="0" timestamp="21 Oct 2020 06:49:30 GMT" skipped="0">
  <testcase classname="demo.TestNGPriorityDemo" name="test1" time="0.014"/>
  <testcase classname="demo.TestNGPriorityDemo" name="test3" time="0.002"/>
  <testcase classname="demo.TestNGPriorityDemo" name="test2" time="0.002"/>
</testsuite> <!-- demo.TestNGPriorityDemo -->
